# JRE version: OpenJDK Runtime Environment (8.0_242-b01) (build 1.8.0_242-release-1644-b01)
# Java VM: OpenJDK 64-Bit Server VM (25.242-b01 mixed mode windows-amd64 compressed oops)
Heap:
 PSYoungGen      total 269312K, used 8100K [0x00000000d5580000, 0x00000000ec800000, 0x0000000100000000)
  eden space 250368K, 0% used [0x00000000d5580000,0x00000000d5580000,0x00000000e4a00000)
  from space 18944K, 42% used [0x00000000e5c00000,0x00000000e63e92e0,0x00000000e6e80000)
  to   space 18432K, 0% used [0x00000000e4a00000,0x00000000e4a00000,0x00000000e5c00000)
 ParOldGen       total 116736K, used 34579K [0x0000000080000000, 0x0000000087200000, 0x00000000d5580000)
  object space 116736K, 29% used [0x0000000080000000,0x00000000821c4ee0,0x0000000087200000)
 Metaspace       used 56497K, capacity 58848K, committed 58968K, reserved 1099776K
  class space    used 7724K, capacity 8203K, committed 8320K, reserved 1048576K
GC Heap History (10 events):
Event: 11.636 GC heap after
Heap after GC invocations=7 (full 1):
 PSYoungGen      total 132096K, used 9202K [0x00000000d5580000, 0x00000000de300000, 0x0000000100000000)
  eden space 121344K, 0% used [0x00000000d5580000,0x00000000d5580000,0x00000000dcc00000)
  from space 10752K, 85% used [0x00000000dd880000,0x00000000de17cb18,0x00000000de300000)
  to   space 11776K, 0% used [0x00000000dcc00000,0x00000000dcc00000,0x00000000dd780000)
 ParOldGen       total 81408K, used 6934K [0x0000000080000000, 0x0000000084f80000, 0x00000000d5580000)
  object space 81408K, 8% used [0x0000000080000000,0x00000000806c5a40,0x0000000084f80000)
 Metaspace       used 32841K, capacity 33860K, committed 34048K, reserved 1079296K
  class space    used 4483K, capacity 4750K, committed 4864K, reserved 1048576K
}
Event: 11.946 GC heap before
{Heap before GC invocations=8 (full 1):
 PSYoungGen      total 132096K, used 35561K [0x00000000d5580000, 0x00000000de300000, 0x0000000100000000)
  eden space 121344K, 21% used [0x00000000d5580000,0x00000000d6f3da90,0x00000000dcc00000)
  from space 10752K, 85% used [0x00000000dd880000,0x00000000de17cb18,0x00000000de300000)
  to   space 11776K, 0% used [0x00000000dcc00000,0x00000000dcc00000,0x00000000dd780000)
 ParOldGen       total 81408K, used 6934K [0x0000000080000000, 0x0000000084f80000, 0x00000000d5580000)
  object space 81408K, 8% used [0x0000000080000000,0x00000000806c5a40,0x0000000084f80000)
 Metaspace       used 34218K, capacity 35316K, committed 35416K, reserved 1079296K
  class space    used 4706K, capacity 4969K, committed 4992K, reserved 1048576K
Event: 11.969 GC heap after
Heap after GC invocations=8 (full 1):
 PSYoungGen      total 133120K, used 7931K [0x00000000d5580000, 0x00000000e4d00000, 0x0000000100000000)
  eden space 121344K, 0% used [0x00000000d5580000,0x00000000d5580000,0x00000000dcc00000)
  from space 11776K, 67% used [0x00000000dcc00000,0x00000000dd3bee30,0x00000000dd780000)
  to   space 11776K, 0% used [0x00000000e4180000,0x00000000e4180000,0x00000000e4d00000)
 ParOldGen       total 81408K, used 6942K [0x0000000080000000, 0x0000000084f80000, 0x00000000d5580000)
  object space 81408K, 8% used [0x0000000080000000,0x00000000806c7a40,0x0000000084f80000)
 Metaspace       used 34218K, capacity 35316K, committed 35416K, reserved 1079296K
  class space    used 4706K, capacity 4969K, committed 4992K, reserved 1048576K
}
Event: 11.969 GC heap before
{Heap before GC invocations=9 (full 2):
 PSYoungGen      total 133120K, used 7931K [0x00000000d5580000, 0x00000000e4d00000, 0x0000000100000000)
  eden space 121344K, 0% used [0x00000000d5580000,0x00000000d5580000,0x00000000dcc00000)
  from space 11776K, 67% used [0x00000000dcc00000,0x00000000dd3bee30,0x00000000dd780000)
  to   space 11776K, 0% used [0x00000000e4180000,0x00000000e4180000,0x00000000e4d00000)
 ParOldGen       total 81408K, used 6942K [0x0000000080000000, 0x0000000084f80000, 0x00000000d5580000)
  object space 81408K, 8% used [0x0000000080000000,0x00000000806c7a40,0x0000000084f80000)
 Metaspace       used 34218K, capacity 35316K, committed 35416K, reserved 1079296K
  class space    used 4706K, capacity 4969K, committed 4992K, reserved 1048576K
Event: 12.052 GC heap after
Heap after GC invocations=9 (full 2):
 PSYoungGen      total 133120K, used 0K [0x00000000d5580000, 0x00000000e4d00000, 0x0000000100000000)
  eden space 121344K, 0% used [0x00000000d5580000,0x00000000d5580000,0x00000000dcc00000)
  from space 11776K, 0% used [0x00000000dcc00000,0x00000000dcc00000,0x00000000dd780000)
  to   space 11776K, 0% used [0x00000000e4180000,0x00000000e4180000,0x00000000e4d00000)
 ParOldGen       total 116736K, used 14365K [0x0000000080000000, 0x0000000087200000, 0x00000000d5580000)
  object space 116736K, 12% used [0x0000000080000000,0x0000000080e075f8,0x0000000087200000)
 Metaspace       used 34218K, capacity 35316K, committed 35416K, reserved 1079296K
  class space    used 4706K, capacity 4969K, committed 4992K, reserved 1048576K
}
Event: 16.048 GC heap before
{Heap before GC invocations=10 (full 2):
 PSYoungGen      total 133120K, used 121344K [0x00000000d5580000, 0x00000000e4d00000, 0x0000000100000000)
  eden space 121344K, 100% used [0x00000000d5580000,0x00000000dcc00000,0x00000000dcc00000)
  from space 11776K, 0% used [0x00000000dcc00000,0x00000000dcc00000,0x00000000dd780000)
  to   space 11776K, 0% used [0x00000000e4180000,0x00000000e4180000,0x00000000e4d00000)
 ParOldGen       total 116736K, used 14365K [0x0000000080000000, 0x0000000087200000, 0x00000000d5580000)
  object space 116736K, 12% used [0x0000000080000000,0x0000000080e075f8,0x0000000087200000)
 Metaspace       used 38541K, capacity 40206K, committed 40536K, reserved 1083392K
  class space    used 5302K, capacity 5641K, committed 5760K, reserved 1048576K
Event: 16.062 GC heap after
Heap after GC invocations=10 (full 2):
 PSYoungGen      total 197632K, used 8429K [0x00000000d5580000, 0x00000000e4a00000, 0x0000000100000000)
  eden space 188928K, 0% used [0x00000000d5580000,0x00000000d5580000,0x00000000e0e00000)
  from space 8704K, 96% used [0x00000000e4180000,0x00000000e49bb678,0x00000000e4a00000)
  to   space 11264K, 0% used [0x00000000e3400000,0x00000000e3400000,0x00000000e3f00000)
 ParOldGen       total 116736K, used 14373K [0x0000000080000000, 0x0000000087200000, 0x00000000d5580000)
  object space 116736K, 12% used [0x0000000080000000,0x0000000080e095f8,0x0000000087200000)
 Metaspace       used 38541K, capacity 40206K, committed 40536K, reserved 1083392K
  class space    used 5302K, capacity 5641K, committed 5760K, reserved 1048576K
}
Event: 19.005 GC heap before
{Heap before GC invocations=11 (full 2):
 PSYoungGen      total 197632K, used 197357K [0x00000000d5580000, 0x00000000e4a00000, 0x0000000100000000)
  eden space 188928K, 100% used [0x00000000d5580000,0x00000000e0e00000,0x00000000e0e00000)
  from space 8704K, 96% used [0x00000000e4180000,0x00000000e49bb678,0x00000000e4a00000)
  to   space 11264K, 0% used [0x00000000e3400000,0x00000000e3400000,0x00000000e3f00000)
 ParOldGen       total 116736K, used 14373K [0x0000000080000000, 0x0000000087200000, 0x00000000d5580000)
  object space 116736K, 12% used [0x0000000080000000,0x0000000080e095f8,0x0000000087200000)
 Metaspace       used 56249K, capacity 58608K, committed 58840K, reserved 1099776K
  class space    used 7686K, capacity 8165K, committed 8192K, reserved 1048576K
Event: 19.062 GC heap after
Heap after GC invocations=11 (full 2):
 PSYoungGen      total 239104K, used 11252K [0x00000000d5580000, 0x00000000e6e80000, 0x0000000100000000)
  eden space 227840K, 0% used [0x00000000d5580000,0x00000000d5580000,0x00000000e3400000)
  from space 11264K, 99% used [0x00000000e3400000,0x00000000e3efd300,0x00000000e3f00000)
  to   space 18944K, 0% used [0x00000000e5c00000,0x00000000e5c00000,0x00000000e6e80000)
 ParOldGen       total 116736K, used 30945K [0x0000000080000000, 0x0000000087200000, 0x00000000d5580000)
  object space 116736K, 26% used [0x0000000080000000,0x0000000081e385f0,0x0000000087200000)
 Metaspace       used 56249K, capacity 58608K, committed 58840K, reserved 1099776K
  class space    used 7686K, capacity 8165K, committed 8192K, reserved 1048576K
}
Event: 19.120 GC heap before
{Heap before GC invocations=12 (full 2):
 PSYoungGen      total 239104K, used 19357K [0x00000000d5580000, 0x00000000e6e80000, 0x0000000100000000)
  eden space 227840K, 3% used [0x00000000d5580000,0x00000000d5d6a3e8,0x00000000e3400000)
  from space 11264K, 99% used [0x00000000e3400000,0x00000000e3efd300,0x00000000e3f00000)
  to   space 18944K, 0% used [0x00000000e5c00000,0x00000000e5c00000,0x00000000e6e80000)
 ParOldGen       total 116736K, used 30945K [0x0000000080000000, 0x0000000087200000, 0x00000000d5580000)
  object space 116736K, 26% used [0x0000000080000000,0x0000000081e385f0,0x0000000087200000)
 Metaspace       used 56497K, capacity 58848K, committed 58968K, reserved 1099776K
  class space    used 7724K, capacity 8203K, committed 8320K, reserved 1048576K

